[30-Aug-2024 17:10:31] NOTICE: fpm is running, pid 20718
[30-Aug-2024 17:10:31] NOTICE: ready to handle connections
[01-Sep-2024 10:39:11] NOTICE: Terminating ...
[01-Sep-2024 10:39:11] NOTICE: Terminating ...
[01-Sep-2024 10:39:11] NOTICE: exiting, bye-bye!
[01-Sep-2024 10:39:13] NOTICE: fpm is running, pid 27285
[01-Sep-2024 10:39:13] NOTICE: ready to handle connections
[01-Sep-2024 15:51:30] NOTICE: Terminating ...
[01-Sep-2024 15:51:30] NOTICE: Terminating ...
[01-Sep-2024 15:51:30] NOTICE: exiting, bye-bye!
[01-Sep-2024 15:51:39] NOTICE: fpm is running, pid 28878
[01-Sep-2024 15:51:39] NOTICE: ready to handle connections
[01-Sep-2024 16:01:02] NOTICE: Terminating ...
[01-Sep-2024 16:01:02] NOTICE: Terminating ...
[01-Sep-2024 16:01:02] NOTICE: exiting, bye-bye!
[01-Sep-2024 16:02:15] NOTICE: fpm is running, pid 29006
[01-Sep-2024 16:02:15] NOTICE: ready to handle connections
[02-Sep-2024 10:59:20] NOTICE: Terminating ...
[02-Sep-2024 10:59:20] NOTICE: Terminating ...
[02-Sep-2024 10:59:20] NOTICE: exiting, bye-bye!
[02-Sep-2024 17:29:45] NOTICE: fpm is running, pid 31552
[02-Sep-2024 17:29:45] NOTICE: ready to handle connections
[02-Sep-2024 22:57:18] NOTICE: Terminating ...
[02-Sep-2024 22:57:18] NOTICE: Terminating ...
[02-Sep-2024 22:57:18] NOTICE: exiting, bye-bye!
[02-Sep-2024 23:10:36] NOTICE: fpm is running, pid 35306
[02-Sep-2024 23:10:36] NOTICE: ready to handle connections
[02-Sep-2024 23:10:38] NOTICE: Terminating ...
[02-Sep-2024 23:10:38] NOTICE: Terminating ...
[02-Sep-2024 23:10:38] NOTICE: exiting, bye-bye!
[02-Sep-2024 23:10:40] NOTICE: fpm is running, pid 35360
[02-Sep-2024 23:10:40] NOTICE: ready to handle connections
